<?xml version="1.0" encoding="UTF-8"?>
<!-- Generated by org.testng.reporters.JUnitReportReporter -->
<testsuite hostname="Corinnes-MacBook-Air.local" failures="0" tests="1" name="tests.LoginPresentTestNG" time="8.641" errors="0" timestamp="2024-03-11T22:37:13 PST" skipped="0">
  <testcase classname="tests.LoginPresentTestNG" name="loginElementsPresentTest" time="8.641"/>
  <system-out/>
</testsuite> <!-- tests.LoginPresentTestNG -->
