<?xml version="1.0" encoding="UTF-8"?>
<!-- Generated by org.testng.reporters.JUnitReportReporter -->
<testsuite hostname="Corinnes-MacBook-Air.local" failures="0" tests="1" name="tests.ATagsTest" time="32.817" errors="0" timestamp="2024-03-10T21:43:17 PST" skipped="0">
  <testcase classname="tests.ATagsTest" name="aTagsTest" time="32.817"/>
  <system-out/>
</testsuite> <!-- tests.ATagsTest -->
