<?xml version="1.0" encoding="UTF-8"?>
<!-- Generated by org.testng.reporters.JUnitReportReporter -->
<testsuite hostname="Corinnes-MacBook-Air.local" failures="0" tests="3" name="tests.LoginDDTTestNG" time="34.613" errors="0" timestamp="2024-03-10T23:49:34 PST" skipped="0">
  <testcase classname="tests.LoginDDTTestNG" name="loginTest" time="15.747"/>
  <system-out/>
  <testcase classname="tests.LoginDDTTestNG" name="loginTest" time="9.556"/>
  <system-out/>
  <testcase classname="tests.LoginDDTTestNG" name="loginTest" time="9.310"/>
  <system-out/>
</testsuite> <!-- tests.LoginDDTTestNG -->
